<?xml version="1.0" encoding="UTF-8"?>
<testsuite xmlns:xsi="http://www.w3.org/2001/XMLSchema-instance" xsi:noNamespaceSchemaLocation="https://maven.apache.org/surefire/maven-surefire-plugin/xsd/surefire-test-report-3.0.xsd" version="3.0" name="com.mycompany.tiketnba.model.TicketTest" time="0.009" tests="2" errors="0" skipped="0" failures="0">
  <properties>
[...]
</properties>
  <testcase name="testTicketCreationAndGetters" classname="com.mycompany.tiketnba.model.TicketTest" time="0.001"/>
  <testcase name="testPrintReceiptDoesNotThrow" classname="com.mycompany.tiketnba.model.TicketTest" time="0.006">
    <system-out><![CDATA[
===== TICKET RECEIPT =====
Customer: John Doe
Game: Lakers vs Warriors
Date: Oct 22, 2024
Quantity: 3
Total Amount: $450.00
==========================

]]></system-out>
  </testcase>
</testsuite>